---------- Date: 2014-10-17 09:45:46 ~ IP : 127.0.0.1 ----------
REQUEST URI : /
MOD DETAILS:
   modFile   : E:\WWW\opencart_v1.5.5.1_cn\vqmod/xml/news.xml
   id        : News
   version   : For OpenCart 1.5.x
   vqmver    : 1.2.3
   author    : MarketInSG

File Name    : catalog/view/theme/*/template/common/footer.tpl(0)
VQModObject::applyMod - SEARCH NOT FOUND (ABORTING MOD): <li><a href="<?php echo $voucher; ?>"><?php echo $text_voucher; ?></a></li>

----------------------------------------------------------------------


---------- Date: 2014-10-17 09:53:20 ~ IP : 127.0.0.1 ----------
REQUEST URI : /index.php?route=account/login
MOD DETAILS:
   modFile   : E:\WWW\opencart_v1.5.5.1_cn\vqmod/xml/news.xml
   id        : News
   version   : For OpenCart 1.5.x
   vqmver    : 1.2.3
   author    : MarketInSG

File Name    : catalog/view/theme/*/template/common/footer.tpl(0)
VQModObject::applyMod - SEARCH NOT FOUND (ABORTING MOD): <li><a href="<?php echo $voucher; ?>"><?php echo $text_voucher; ?></a></li>

----------------------------------------------------------------------


---------- Date: 2014-10-17 09:53:24 ~ IP : 127.0.0.1 ----------
REQUEST URI : /
MOD DETAILS:
   modFile   : E:\WWW\opencart_v1.5.5.1_cn\vqmod/xml/news.xml
   id        : News
   version   : For OpenCart 1.5.x
   vqmver    : 1.2.3
   author    : MarketInSG

File Name    : catalog/view/theme/*/template/common/footer.tpl(0)
VQModObject::applyMod - SEARCH NOT FOUND (ABORTING MOD): <li><a href="<?php echo $voucher; ?>"><?php echo $text_voucher; ?></a></li>

----------------------------------------------------------------------


---------- Date: 2014-10-17 09:53:31 ~ IP : 127.0.0.1 ----------
REQUEST URI : /index.php?route=product/product&amp;product_id=30
MOD DETAILS:
   modFile   : E:\WWW\opencart_v1.5.5.1_cn\vqmod/xml/news.xml
   id        : News
   version   : For OpenCart 1.5.x
   vqmver    : 1.2.3
   author    : MarketInSG

File Name    : catalog/view/theme/*/template/common/footer.tpl(0)
VQModObject::applyMod - SEARCH NOT FOUND (ABORTING MOD): <li><a href="<?php echo $voucher; ?>"><?php echo $text_voucher; ?></a></li>

----------------------------------------------------------------------


---------- Date: 2014-10-17 09:53:47 ~ IP : 127.0.0.1 ----------
REQUEST URI : /index.php?route=account/login
MOD DETAILS:
   modFile   : E:\WWW\opencart_v1.5.5.1_cn\vqmod/xml/news.xml
   id        : News
   version   : For OpenCart 1.5.x
   vqmver    : 1.2.3
   author    : MarketInSG

File Name    : catalog/view/theme/*/template/common/footer.tpl(0)
VQModObject::applyMod - SEARCH NOT FOUND (ABORTING MOD): <li><a href="<?php echo $voucher; ?>"><?php echo $text_voucher; ?></a></li>

----------------------------------------------------------------------


---------- Date: 2014-10-17 09:57:21 ~ IP : 127.0.0.1 ----------
REQUEST URI : /index.php?route=product/product&amp;product_id=30
MOD DETAILS:
   modFile   : E:\WWW\opencart_v1.5.5.1_cn\vqmod/xml/news.xml
   id        : News
   version   : For OpenCart 1.5.x
   vqmver    : 1.2.3
   author    : MarketInSG

File Name    : catalog/view/theme/*/template/common/footer.tpl(0)
VQModObject::applyMod - SEARCH NOT FOUND (ABORTING MOD): <li><a href="<?php echo $voucher; ?>"><?php echo $text_voucher; ?></a></li>

----------------------------------------------------------------------


---------- Date: 2014-10-17 09:57:35 ~ IP : 127.0.0.1 ----------
REQUEST URI : /index.php?route=product/product&amp;product_id=30
MOD DETAILS:
   modFile   : E:\WWW\opencart_v1.5.5.1_cn\vqmod/xml/news.xml
   id        : News
   version   : For OpenCart 1.5.x
   vqmver    : 1.2.3
   author    : MarketInSG

File Name    : catalog/view/theme/*/template/common/footer.tpl(0)
VQModObject::applyMod - SEARCH NOT FOUND (ABORTING MOD): <li><a href="<?php echo $voucher; ?>"><?php echo $text_voucher; ?></a></li>

----------------------------------------------------------------------


---------- Date: 2014-10-17 10:01:07 ~ IP : 127.0.0.1 ----------
REQUEST URI : /index.php?route=account/login&amp;redirect=onepage/checkout
MOD DETAILS:
   modFile   : E:\WWW\opencart_v1.5.5.1_cn\vqmod/xml/news.xml
   id        : News
   version   : For OpenCart 1.5.x
   vqmver    : 1.2.3
   author    : MarketInSG

File Name    : catalog/view/theme/*/template/common/footer.tpl(0)
VQModObject::applyMod - SEARCH NOT FOUND (ABORTING MOD): <li><a href="<?php echo $voucher; ?>"><?php echo $text_voucher; ?></a></li>

----------------------------------------------------------------------


---------- Date: 2014-10-17 10:07:16 ~ IP : 127.0.0.1 ----------
REQUEST URI : /index.php?route=account/login&amp;redirect=onepage/checkout
MOD DETAILS:
   modFile   : E:\WWW\opencart_v1.5.5.1_cn\vqmod/xml/news.xml
   id        : News
   version   : For OpenCart 1.5.x
   vqmver    : 1.2.3
   author    : MarketInSG

File Name    : catalog/view/theme/*/template/common/footer.tpl(0)
VQModObject::applyMod - SEARCH NOT FOUND (ABORTING MOD): <li><a href="<?php echo $voucher; ?>"><?php echo $text_voucher; ?></a></li>

----------------------------------------------------------------------


---------- Date: 2014-10-17 10:08:01 ~ IP : 127.0.0.1 ----------
REQUEST URI : /index.php?route=account/account
MOD DETAILS:
   modFile   : E:\WWW\opencart_v1.5.5.1_cn\vqmod/xml/news.xml
   id        : News
   version   : For OpenCart 1.5.x
   vqmver    : 1.2.3
   author    : MarketInSG

File Name    : catalog/view/theme/*/template/common/footer.tpl(0)
VQModObject::applyMod - SEARCH NOT FOUND (ABORTING MOD): <li><a href="<?php echo $voucher; ?>"><?php echo $text_voucher; ?></a></li>

----------------------------------------------------------------------


---------- Date: 2014-10-17 10:10:11 ~ IP : 127.0.0.1 ----------
REQUEST URI : /index.php?route=account/logout
MOD DETAILS:
   modFile   : E:\WWW\opencart_v1.5.5.1_cn\vqmod/xml/news.xml
   id        : News
   version   : For OpenCart 1.5.x
   vqmver    : 1.2.3
   author    : MarketInSG

File Name    : catalog/view/theme/*/template/common/footer.tpl(0)
VQModObject::applyMod - SEARCH NOT FOUND (ABORTING MOD): <li><a href="<?php echo $voucher; ?>"><?php echo $text_voucher; ?></a></li>

----------------------------------------------------------------------


---------- Date: 2014-10-17 10:18:50 ~ IP : 127.0.0.1 ----------
REQUEST URI : /index.php?route=account/login
MOD DETAILS:
   modFile   : E:\WWW\opencart_v1.5.5.1_cn\vqmod/xml/news.xml
   id        : News
   version   : For OpenCart 1.5.x
   vqmver    : 1.2.3
   author    : MarketInSG

File Name    : catalog/view/theme/*/template/common/footer.tpl(0)
VQModObject::applyMod - SEARCH NOT FOUND (ABORTING MOD): <li><a href="<?php echo $voucher; ?>"><?php echo $text_voucher; ?></a></li>

----------------------------------------------------------------------


---------- Date: 2014-10-17 10:19:31 ~ IP : 127.0.0.1 ----------
REQUEST URI : /index.php?route=account/login
MOD DETAILS:
   modFile   : E:\WWW\opencart_v1.5.5.1_cn\vqmod/xml/news.xml
   id        : News
   version   : For OpenCart 1.5.x
   vqmver    : 1.2.3
   author    : MarketInSG

File Name    : catalog/view/theme/*/template/common/footer.tpl(0)
VQModObject::applyMod - SEARCH NOT FOUND (ABORTING MOD): <li><a href="<?php echo $voucher; ?>"><?php echo $text_voucher; ?></a></li>

----------------------------------------------------------------------


---------- Date: 2014-10-17 10:19:51 ~ IP : 127.0.0.1 ----------
REQUEST URI : /index.php?route=account/login
MOD DETAILS:
   modFile   : E:\WWW\opencart_v1.5.5.1_cn\vqmod/xml/news.xml
   id        : News
   version   : For OpenCart 1.5.x
   vqmver    : 1.2.3
   author    : MarketInSG

File Name    : catalog/view/theme/*/template/common/footer.tpl(0)
VQModObject::applyMod - SEARCH NOT FOUND (ABORTING MOD): <li><a href="<?php echo $voucher; ?>"><?php echo $text_voucher; ?></a></li>

----------------------------------------------------------------------


---------- Date: 2014-10-17 10:20:07 ~ IP : 127.0.0.1 ----------
REQUEST URI : /index.php?route=common/home
MOD DETAILS:
   modFile   : E:\WWW\opencart_v1.5.5.1_cn\vqmod/xml/news.xml
   id        : News
   version   : For OpenCart 1.5.x
   vqmver    : 1.2.3
   author    : MarketInSG

File Name    : catalog/view/theme/*/template/common/footer.tpl(0)
VQModObject::applyMod - SEARCH NOT FOUND (ABORTING MOD): <li><a href="<?php echo $voucher; ?>"><?php echo $text_voucher; ?></a></li>

----------------------------------------------------------------------


---------- Date: 2014-10-17 10:20:15 ~ IP : 127.0.0.1 ----------
REQUEST URI : /index.php?route=product/product&amp;product_id=30
MOD DETAILS:
   modFile   : E:\WWW\opencart_v1.5.5.1_cn\vqmod/xml/news.xml
   id        : News
   version   : For OpenCart 1.5.x
   vqmver    : 1.2.3
   author    : MarketInSG

File Name    : catalog/view/theme/*/template/common/footer.tpl(0)
VQModObject::applyMod - SEARCH NOT FOUND (ABORTING MOD): <li><a href="<?php echo $voucher; ?>"><?php echo $text_voucher; ?></a></li>

----------------------------------------------------------------------


---------- Date: 2014-10-17 10:20:27 ~ IP : 127.0.0.1 ----------
REQUEST URI : /index.php?route=account/login&amp;redirect=?route=onepage/checkout
MOD DETAILS:
   modFile   : E:\WWW\opencart_v1.5.5.1_cn\vqmod/xml/news.xml
   id        : News
   version   : For OpenCart 1.5.x
   vqmver    : 1.2.3
   author    : MarketInSG

File Name    : catalog/view/theme/*/template/common/footer.tpl(0)
VQModObject::applyMod - SEARCH NOT FOUND (ABORTING MOD): <li><a href="<?php echo $voucher; ?>"><?php echo $text_voucher; ?></a></li>

----------------------------------------------------------------------


---------- Date: 2014-10-17 10:21:00 ~ IP : 127.0.0.1 ----------
REQUEST URI : /index.php?route=product/product&amp;product_id=30
MOD DETAILS:
   modFile   : E:\WWW\opencart_v1.5.5.1_cn\vqmod/xml/news.xml
   id        : News
   version   : For OpenCart 1.5.x
   vqmver    : 1.2.3
   author    : MarketInSG

File Name    : catalog/view/theme/*/template/common/footer.tpl(0)
VQModObject::applyMod - SEARCH NOT FOUND (ABORTING MOD): <li><a href="<?php echo $voucher; ?>"><?php echo $text_voucher; ?></a></li>

----------------------------------------------------------------------


---------- Date: 2014-10-17 10:21:09 ~ IP : 127.0.0.1 ----------
REQUEST URI : /index.php?route=product/product&amp;product_id=30
MOD DETAILS:
   modFile   : E:\WWW\opencart_v1.5.5.1_cn\vqmod/xml/news.xml
   id        : News
   version   : For OpenCart 1.5.x
   vqmver    : 1.2.3
   author    : MarketInSG

File Name    : catalog/view/theme/*/template/common/footer.tpl(0)
VQModObject::applyMod - SEARCH NOT FOUND (ABORTING MOD): <li><a href="<?php echo $voucher; ?>"><?php echo $text_voucher; ?></a></li>

----------------------------------------------------------------------


---------- Date: 2014-10-17 10:22:24 ~ IP : 127.0.0.1 ----------
REQUEST URI : /index.php?route=account/login&amp;redirect=?route=onepage/checkout
MOD DETAILS:
   modFile   : E:\WWW\opencart_v1.5.5.1_cn\vqmod/xml/news.xml
   id        : News
   version   : For OpenCart 1.5.x
   vqmver    : 1.2.3
   author    : MarketInSG

File Name    : catalog/view/theme/*/template/common/footer.tpl(0)
VQModObject::applyMod - SEARCH NOT FOUND (ABORTING MOD): <li><a href="<?php echo $voucher; ?>"><?php echo $text_voucher; ?></a></li>

----------------------------------------------------------------------


---------- Date: 2014-10-17 10:22:53 ~ IP : 127.0.0.1 ----------
REQUEST URI : /index.php?route=product/product&amp;product_id=30
MOD DETAILS:
   modFile   : E:\WWW\opencart_v1.5.5.1_cn\vqmod/xml/news.xml
   id        : News
   version   : For OpenCart 1.5.x
   vqmver    : 1.2.3
   author    : MarketInSG

File Name    : catalog/view/theme/*/template/common/footer.tpl(0)
VQModObject::applyMod - SEARCH NOT FOUND (ABORTING MOD): <li><a href="<?php echo $voucher; ?>"><?php echo $text_voucher; ?></a></li>

----------------------------------------------------------------------


---------- Date: 2014-10-17 10:23:07 ~ IP : 127.0.0.1 ----------
REQUEST URI : /index.php?route=account/login&amp;redirect=http://jalen.opencart/?route=onepage/checkout
MOD DETAILS:
   modFile   : E:\WWW\opencart_v1.5.5.1_cn\vqmod/xml/news.xml
   id        : News
   version   : For OpenCart 1.5.x
   vqmver    : 1.2.3
   author    : MarketInSG

File Name    : catalog/view/theme/*/template/common/footer.tpl(0)
VQModObject::applyMod - SEARCH NOT FOUND (ABORTING MOD): <li><a href="<?php echo $voucher; ?>"><?php echo $text_voucher; ?></a></li>

----------------------------------------------------------------------


---------- Date: 2014-10-17 10:23:35 ~ IP : 127.0.0.1 ----------
REQUEST URI : /index.php?route=account/login
MOD DETAILS:
   modFile   : E:\WWW\opencart_v1.5.5.1_cn\vqmod/xml/news.xml
   id        : News
   version   : For OpenCart 1.5.x
   vqmver    : 1.2.3
   author    : MarketInSG

File Name    : catalog/view/theme/*/template/common/footer.tpl(0)
VQModObject::applyMod - SEARCH NOT FOUND (ABORTING MOD): <li><a href="<?php echo $voucher; ?>"><?php echo $text_voucher; ?></a></li>

----------------------------------------------------------------------


---------- Date: 2014-10-17 10:23:46 ~ IP : 127.0.0.1 ----------
REQUEST URI : /index.php?route=checkout/cart
MOD DETAILS:
   modFile   : E:\WWW\opencart_v1.5.5.1_cn\vqmod/xml/news.xml
   id        : News
   version   : For OpenCart 1.5.x
   vqmver    : 1.2.3
   author    : MarketInSG

File Name    : catalog/view/theme/*/template/common/footer.tpl(0)
VQModObject::applyMod - SEARCH NOT FOUND (ABORTING MOD): <li><a href="<?php echo $voucher; ?>"><?php echo $text_voucher; ?></a></li>

----------------------------------------------------------------------


---------- Date: 2014-10-17 10:24:05 ~ IP : 127.0.0.1 ----------
REQUEST URI : /index.php?route=checkout/cart
MOD DETAILS:
   modFile   : E:\WWW\opencart_v1.5.5.1_cn\vqmod/xml/news.xml
   id        : News
   version   : For OpenCart 1.5.x
   vqmver    : 1.2.3
   author    : MarketInSG

File Name    : catalog/view/theme/*/template/common/footer.tpl(0)
VQModObject::applyMod - SEARCH NOT FOUND (ABORTING MOD): <li><a href="<?php echo $voucher; ?>"><?php echo $text_voucher; ?></a></li>

----------------------------------------------------------------------


---------- Date: 2014-10-17 10:24:27 ~ IP : 127.0.0.1 ----------
REQUEST URI : /index.php?route=checkout/cart
MOD DETAILS:
   modFile   : E:\WWW\opencart_v1.5.5.1_cn\vqmod/xml/news.xml
   id        : News
   version   : For OpenCart 1.5.x
   vqmver    : 1.2.3
   author    : MarketInSG

File Name    : catalog/view/theme/*/template/common/footer.tpl(0)
VQModObject::applyMod - SEARCH NOT FOUND (ABORTING MOD): <li><a href="<?php echo $voucher; ?>"><?php echo $text_voucher; ?></a></li>

----------------------------------------------------------------------


---------- Date: 2014-10-17 10:24:34 ~ IP : 127.0.0.1 ----------
REQUEST URI : /index.php?route=account/logout
MOD DETAILS:
   modFile   : E:\WWW\opencart_v1.5.5.1_cn\vqmod/xml/news.xml
   id        : News
   version   : For OpenCart 1.5.x
   vqmver    : 1.2.3
   author    : MarketInSG

File Name    : catalog/view/theme/*/template/common/footer.tpl(0)
VQModObject::applyMod - SEARCH NOT FOUND (ABORTING MOD): <li><a href="<?php echo $voucher; ?>"><?php echo $text_voucher; ?></a></li>

----------------------------------------------------------------------


---------- Date: 2014-10-17 10:24:40 ~ IP : 127.0.0.1 ----------
REQUEST URI : /index.php?route=account/login
MOD DETAILS:
   modFile   : E:\WWW\opencart_v1.5.5.1_cn\vqmod/xml/news.xml
   id        : News
   version   : For OpenCart 1.5.x
   vqmver    : 1.2.3
   author    : MarketInSG

File Name    : catalog/view/theme/*/template/common/footer.tpl(0)
VQModObject::applyMod - SEARCH NOT FOUND (ABORTING MOD): <li><a href="<?php echo $voucher; ?>"><?php echo $text_voucher; ?></a></li>

----------------------------------------------------------------------


---------- Date: 2014-10-17 10:25:14 ~ IP : 127.0.0.1 ----------
REQUEST URI : /index.php?route=account/login
MOD DETAILS:
   modFile   : E:\WWW\opencart_v1.5.5.1_cn\vqmod/xml/news.xml
   id        : News
   version   : For OpenCart 1.5.x
   vqmver    : 1.2.3
   author    : MarketInSG

File Name    : catalog/view/theme/*/template/common/footer.tpl(0)
VQModObject::applyMod - SEARCH NOT FOUND (ABORTING MOD): <li><a href="<?php echo $voucher; ?>"><?php echo $text_voucher; ?></a></li>

----------------------------------------------------------------------


---------- Date: 2014-10-17 10:25:49 ~ IP : 127.0.0.1 ----------
REQUEST URI : /index.php?route=common/home
MOD DETAILS:
   modFile   : E:\WWW\opencart_v1.5.5.1_cn\vqmod/xml/news.xml
   id        : News
   version   : For OpenCart 1.5.x
   vqmver    : 1.2.3
   author    : MarketInSG

File Name    : catalog/view/theme/*/template/common/footer.tpl(0)
VQModObject::applyMod - SEARCH NOT FOUND (ABORTING MOD): <li><a href="<?php echo $voucher; ?>"><?php echo $text_voucher; ?></a></li>

----------------------------------------------------------------------


---------- Date: 2014-10-17 17:58:04 ~ IP : 127.0.0.1 ----------
REQUEST URI : /
MOD DETAILS:
   modFile   : E:\WWW\opencart_v1.5.5.1_cn\vqmod/xml/news.xml
   id        : News
   version   : For OpenCart 1.5.x
   vqmver    : 1.2.3
   author    : MarketInSG

File Name    : catalog/view/theme/*/template/common/footer.tpl(0)
VQModObject::applyMod - SEARCH NOT FOUND (ABORTING MOD): <li><a href="<?php echo $voucher; ?>"><?php echo $text_voucher; ?></a></li>

----------------------------------------------------------------------


---------- Date: 2014-10-17 17:58:05 ~ IP : 127.0.0.1 ----------
REQUEST URI : /
MOD DETAILS:
   modFile   : E:\WWW\opencart_v1.5.5.1_cn\vqmod/xml/news.xml
   id        : News
   version   : For OpenCart 1.5.x
   vqmver    : 1.2.3
   author    : MarketInSG

File Name    : catalog/view/theme/*/template/common/footer.tpl(0)
VQModObject::applyMod - SEARCH NOT FOUND (ABORTING MOD): <li><a href="<?php echo $voucher; ?>"><?php echo $text_voucher; ?></a></li>

----------------------------------------------------------------------


---------- Date: 2014-10-17 17:59:41 ~ IP : 127.0.0.1 ----------
REQUEST URI : /index.php?route=product/product&amp;product_id=30
MOD DETAILS:
   modFile   : E:\WWW\opencart_v1.5.5.1_cn\vqmod/xml/news.xml
   id        : News
   version   : For OpenCart 1.5.x
   vqmver    : 1.2.3
   author    : MarketInSG

File Name    : catalog/view/theme/*/template/common/footer.tpl(0)
VQModObject::applyMod - SEARCH NOT FOUND (ABORTING MOD): <li><a href="<?php echo $voucher; ?>"><?php echo $text_voucher; ?></a></li>

----------------------------------------------------------------------


---------- Date: 2014-10-17 17:59:54 ~ IP : 127.0.0.1 ----------
REQUEST URI : /index.php?route=account/login&amp;redirect=http://jalen.opencart/?route=onepage/checkout
MOD DETAILS:
   modFile   : E:\WWW\opencart_v1.5.5.1_cn\vqmod/xml/news.xml
   id        : News
   version   : For OpenCart 1.5.x
   vqmver    : 1.2.3
   author    : MarketInSG

File Name    : catalog/view/theme/*/template/common/footer.tpl(0)
VQModObject::applyMod - SEARCH NOT FOUND (ABORTING MOD): <li><a href="<?php echo $voucher; ?>"><?php echo $text_voucher; ?></a></li>

----------------------------------------------------------------------


---------- Date: 2014-10-17 18:07:52 ~ IP : 127.0.0.1 ----------
REQUEST URI : /?route=onepage/checkout
MOD DETAILS:
   modFile   : E:\WWW\opencart_v1.5.5.1_cn\vqmod/xml/news.xml
   id        : News
   version   : For OpenCart 1.5.x
   vqmver    : 1.2.3
   author    : MarketInSG

File Name    : catalog/view/theme/*/template/common/footer.tpl(0)
VQModObject::applyMod - SEARCH NOT FOUND (ABORTING MOD): <li><a href="<?php echo $voucher; ?>"><?php echo $text_voucher; ?></a></li>

----------------------------------------------------------------------


---------- Date: 2014-10-17 18:10:35 ~ IP : 127.0.0.1 ----------
REQUEST URI : /?route=onepage/checkout
MOD DETAILS:
   modFile   : E:\WWW\opencart_v1.5.5.1_cn\vqmod/xml/news.xml
   id        : News
   version   : For OpenCart 1.5.x
   vqmver    : 1.2.3
   author    : MarketInSG

File Name    : catalog/view/theme/*/template/common/footer.tpl(0)
VQModObject::applyMod - SEARCH NOT FOUND (ABORTING MOD): <li><a href="<?php echo $voucher; ?>"><?php echo $text_voucher; ?></a></li>

----------------------------------------------------------------------


---------- Date: 2014-10-17 18:11:11 ~ IP : 127.0.0.1 ----------
REQUEST URI : /?route=onepage/checkout
MOD DETAILS:
   modFile   : E:\WWW\opencart_v1.5.5.1_cn\vqmod/xml/news.xml
   id        : News
   version   : For OpenCart 1.5.x
   vqmver    : 1.2.3
   author    : MarketInSG

File Name    : catalog/view/theme/*/template/common/footer.tpl(0)
VQModObject::applyMod - SEARCH NOT FOUND (ABORTING MOD): <li><a href="<?php echo $voucher; ?>"><?php echo $text_voucher; ?></a></li>

----------------------------------------------------------------------


---------- Date: 2014-10-17 18:12:10 ~ IP : 127.0.0.1 ----------
REQUEST URI : /?route=onepage/checkout
MOD DETAILS:
   modFile   : E:\WWW\opencart_v1.5.5.1_cn\vqmod/xml/news.xml
   id        : News
   version   : For OpenCart 1.5.x
   vqmver    : 1.2.3
   author    : MarketInSG

File Name    : catalog/view/theme/*/template/common/footer.tpl(0)
VQModObject::applyMod - SEARCH NOT FOUND (ABORTING MOD): <li><a href="<?php echo $voucher; ?>"><?php echo $text_voucher; ?></a></li>

----------------------------------------------------------------------


---------- Date: 2014-10-17 18:12:24 ~ IP : 127.0.0.1 ----------
REQUEST URI : /?route=onepage/checkout
MOD DETAILS:
   modFile   : E:\WWW\opencart_v1.5.5.1_cn\vqmod/xml/news.xml
   id        : News
   version   : For OpenCart 1.5.x
   vqmver    : 1.2.3
   author    : MarketInSG

File Name    : catalog/view/theme/*/template/common/footer.tpl(0)
VQModObject::applyMod - SEARCH NOT FOUND (ABORTING MOD): <li><a href="<?php echo $voucher; ?>"><?php echo $text_voucher; ?></a></li>

----------------------------------------------------------------------


---------- Date: 2014-10-17 18:14:26 ~ IP : 127.0.0.1 ----------
REQUEST URI : /?route=onepage/checkout
MOD DETAILS:
   modFile   : E:\WWW\opencart_v1.5.5.1_cn\vqmod/xml/news.xml
   id        : News
   version   : For OpenCart 1.5.x
   vqmver    : 1.2.3
   author    : MarketInSG

File Name    : catalog/view/theme/*/template/common/footer.tpl(0)
VQModObject::applyMod - SEARCH NOT FOUND (ABORTING MOD): <li><a href="<?php echo $voucher; ?>"><?php echo $text_voucher; ?></a></li>

----------------------------------------------------------------------


---------- Date: 2014-10-17 18:16:45 ~ IP : 127.0.0.1 ----------
REQUEST URI : /?route=onepage/checkout
MOD DETAILS:
   modFile   : E:\WWW\opencart_v1.5.5.1_cn\vqmod/xml/news.xml
   id        : News
   version   : For OpenCart 1.5.x
   vqmver    : 1.2.3
   author    : MarketInSG

File Name    : catalog/view/theme/*/template/common/footer.tpl(0)
VQModObject::applyMod - SEARCH NOT FOUND (ABORTING MOD): <li><a href="<?php echo $voucher; ?>"><?php echo $text_voucher; ?></a></li>

----------------------------------------------------------------------


---------- Date: 2014-10-17 18:18:25 ~ IP : 127.0.0.1 ----------
REQUEST URI : /?route=onepage/checkout
MOD DETAILS:
   modFile   : E:\WWW\opencart_v1.5.5.1_cn\vqmod/xml/news.xml
   id        : News
   version   : For OpenCart 1.5.x
   vqmver    : 1.2.3
   author    : MarketInSG

File Name    : catalog/view/theme/*/template/common/footer.tpl(0)
VQModObject::applyMod - SEARCH NOT FOUND (ABORTING MOD): <li><a href="<?php echo $voucher; ?>"><?php echo $text_voucher; ?></a></li>

----------------------------------------------------------------------


---------- Date: 2014-10-17 18:19:09 ~ IP : 127.0.0.1 ----------
REQUEST URI : /?route=onepage/checkout
MOD DETAILS:
   modFile   : E:\WWW\opencart_v1.5.5.1_cn\vqmod/xml/news.xml
   id        : News
   version   : For OpenCart 1.5.x
   vqmver    : 1.2.3
   author    : MarketInSG

File Name    : catalog/view/theme/*/template/common/footer.tpl(0)
VQModObject::applyMod - SEARCH NOT FOUND (ABORTING MOD): <li><a href="<?php echo $voucher; ?>"><?php echo $text_voucher; ?></a></li>

----------------------------------------------------------------------


---------- Date: 2014-10-17 18:23:47 ~ IP : 127.0.0.1 ----------
REQUEST URI : /?route=onepage/checkout
MOD DETAILS:
   modFile   : E:\WWW\opencart_v1.5.5.1_cn\vqmod/xml/news.xml
   id        : News
   version   : For OpenCart 1.5.x
   vqmver    : 1.2.3
   author    : MarketInSG

File Name    : catalog/view/theme/*/template/common/footer.tpl(0)
VQModObject::applyMod - SEARCH NOT FOUND (ABORTING MOD): <li><a href="<?php echo $voucher; ?>"><?php echo $text_voucher; ?></a></li>

----------------------------------------------------------------------


---------- Date: 2014-10-17 18:25:51 ~ IP : 127.0.0.1 ----------
REQUEST URI : /?route=onepage/cart
MOD DETAILS:
   modFile   : E:\WWW\opencart_v1.5.5.1_cn\vqmod/xml/news.xml
   id        : News
   version   : For OpenCart 1.5.x
   vqmver    : 1.2.3
   author    : MarketInSG

File Name    : catalog/view/theme/*/template/common/footer.tpl(0)
VQModObject::applyMod - SEARCH NOT FOUND (ABORTING MOD): <li><a href="<?php echo $voucher; ?>"><?php echo $text_voucher; ?></a></li>

----------------------------------------------------------------------


---------- Date: 2014-10-17 18:26:10 ~ IP : 127.0.0.1 ----------
REQUEST URI : /index.php?route=checkout/cart
MOD DETAILS:
   modFile   : E:\WWW\opencart_v1.5.5.1_cn\vqmod/xml/news.xml
   id        : News
   version   : For OpenCart 1.5.x
   vqmver    : 1.2.3
   author    : MarketInSG

File Name    : catalog/view/theme/*/template/common/footer.tpl(0)
VQModObject::applyMod - SEARCH NOT FOUND (ABORTING MOD): <li><a href="<?php echo $voucher; ?>"><?php echo $text_voucher; ?></a></li>

----------------------------------------------------------------------


---------- Date: 2014-10-17 18:27:50 ~ IP : 127.0.0.1 ----------
REQUEST URI : /index.php?route=onepage/checkout
MOD DETAILS:
   modFile   : E:\WWW\opencart_v1.5.5.1_cn\vqmod/xml/news.xml
   id        : News
   version   : For OpenCart 1.5.x
   vqmver    : 1.2.3
   author    : MarketInSG

File Name    : catalog/view/theme/*/template/common/footer.tpl(0)
VQModObject::applyMod - SEARCH NOT FOUND (ABORTING MOD): <li><a href="<?php echo $voucher; ?>"><?php echo $text_voucher; ?></a></li>

----------------------------------------------------------------------


---------- Date: 2014-10-17 18:28:47 ~ IP : 127.0.0.1 ----------
REQUEST URI : /index.php?route=onepage/checkout
MOD DETAILS:
   modFile   : E:\WWW\opencart_v1.5.5.1_cn\vqmod/xml/news.xml
   id        : News
   version   : For OpenCart 1.5.x
   vqmver    : 1.2.3
   author    : MarketInSG

File Name    : catalog/view/theme/*/template/common/footer.tpl(0)
VQModObject::applyMod - SEARCH NOT FOUND (ABORTING MOD): <li><a href="<?php echo $voucher; ?>"><?php echo $text_voucher; ?></a></li>

----------------------------------------------------------------------


---------- Date: 2014-10-17 18:30:01 ~ IP : 127.0.0.1 ----------
REQUEST URI : /index.php?route=checkout/cart
MOD DETAILS:
   modFile   : E:\WWW\opencart_v1.5.5.1_cn\vqmod/xml/news.xml
   id        : News
   version   : For OpenCart 1.5.x
   vqmver    : 1.2.3
   author    : MarketInSG

File Name    : catalog/view/theme/*/template/common/footer.tpl(0)
VQModObject::applyMod - SEARCH NOT FOUND (ABORTING MOD): <li><a href="<?php echo $voucher; ?>"><?php echo $text_voucher; ?></a></li>

----------------------------------------------------------------------


---------- Date: 2014-10-17 18:30:05 ~ IP : 127.0.0.1 ----------
REQUEST URI : /index.php?route=onepage/checkout
MOD DETAILS:
   modFile   : E:\WWW\opencart_v1.5.5.1_cn\vqmod/xml/news.xml
   id        : News
   version   : For OpenCart 1.5.x
   vqmver    : 1.2.3
   author    : MarketInSG

File Name    : catalog/view/theme/*/template/common/footer.tpl(0)
VQModObject::applyMod - SEARCH NOT FOUND (ABORTING MOD): <li><a href="<?php echo $voucher; ?>"><?php echo $text_voucher; ?></a></li>

----------------------------------------------------------------------


---------- Date: 2014-10-17 18:33:16 ~ IP : 127.0.0.1 ----------
REQUEST URI : /index.php?route=common/home
MOD DETAILS:
   modFile   : E:\WWW\opencart_v1.5.5.1_cn\vqmod/xml/news.xml
   id        : News
   version   : For OpenCart 1.5.x
   vqmver    : 1.2.3
   author    : MarketInSG

File Name    : catalog/view/theme/*/template/common/footer.tpl(0)
VQModObject::applyMod - SEARCH NOT FOUND (ABORTING MOD): <li><a href="<?php echo $voucher; ?>"><?php echo $text_voucher; ?></a></li>

----------------------------------------------------------------------


---------- Date: 2014-10-17 18:33:31 ~ IP : 127.0.0.1 ----------
REQUEST URI : /index.php?route=account/order
MOD DETAILS:
   modFile   : E:\WWW\opencart_v1.5.5.1_cn\vqmod/xml/news.xml
   id        : News
   version   : For OpenCart 1.5.x
   vqmver    : 1.2.3
   author    : MarketInSG

File Name    : catalog/view/theme/*/template/common/footer.tpl(0)
VQModObject::applyMod - SEARCH NOT FOUND (ABORTING MOD): <li><a href="<?php echo $voucher; ?>"><?php echo $text_voucher; ?></a></li>

----------------------------------------------------------------------


---------- Date: 2014-10-17 18:33:36 ~ IP : 127.0.0.1 ----------
REQUEST URI : /index.php?route=common/home
MOD DETAILS:
   modFile   : E:\WWW\opencart_v1.5.5.1_cn\vqmod/xml/news.xml
   id        : News
   version   : For OpenCart 1.5.x
   vqmver    : 1.2.3
   author    : MarketInSG

File Name    : catalog/view/theme/*/template/common/footer.tpl(0)
VQModObject::applyMod - SEARCH NOT FOUND (ABORTING MOD): <li><a href="<?php echo $voucher; ?>"><?php echo $text_voucher; ?></a></li>

----------------------------------------------------------------------


